<?xml version="1.0" encoding="UTF-8"?>
<!-- Generated by org.testng.reporters.JUnitReportReporter -->
<testsuite hostname="Kshitij" failures="0" tests="2" name="TestRunner.Guru99TestRunner" time="29.125" errors="0" timestamp="2025-02-11T09:54:06 IST" skipped="0">
  <testcase classname="TestRunner.Guru99TestRunner" name="runScenario" time="13.446"/>
  <system-out/>
  <testcase classname="TestRunner.Guru99TestRunner" name="runScenario" time="15.679"/>
  <system-out/>
</testsuite> <!-- TestRunner.Guru99TestRunner -->
