<?xml version="1.0" encoding="UTF-8"?>
<!-- Generated by org.testng.reporters.JUnitReportReporter -->
<testsuite hostname="Kshitij" failures="0" tests="2" name="TestRunner.Guru99TestRunner" time="24.648" errors="0" timestamp="2025-02-15T18:03:57 IST" skipped="0">
  <testcase classname="TestRunner.Guru99TestRunner" name="runScenario" time="11.008"/>
  <system-out/>
  <testcase classname="TestRunner.Guru99TestRunner" name="runScenario" time="13.640"/>
  <system-out/>
</testsuite> <!-- TestRunner.Guru99TestRunner -->
