<?xml version="1.0" encoding="UTF-8"?>
<!-- Generated by org.testng.reporters.JUnitReportReporter -->
<testsuite hostname="Kshitij" failures="0" tests="2" name="TestRunner.Guru99TestRunner" time="77.938" errors="0" timestamp="2025-02-25T11:51:54 IST" skipped="0">
  <testcase classname="TestRunner.Guru99TestRunner" name="runScenario" time="29.394"/>
  <system-out/>
  <testcase classname="TestRunner.Guru99TestRunner" name="runScenario" time="48.544"/>
  <system-out/>
</testsuite> <!-- TestRunner.Guru99TestRunner -->
